CRITICAL - 2022-10-29 07:35:07 --> You must set the database table to be used with your query.
in SYSTEMPATH/Database/BaseConnection.php on line 872.
 1 SYSTEMPATH/Model.php(587): CodeIgniter\Database\BaseConnection->table()
 2 SYSTEMPATH/Model.php(216): CodeIgniter\Model->builder()
 3 SYSTEMPATH/BaseModel.php(584): CodeIgniter\Model->doFindAll()
 4 APPPATH/Models/NewsModel.php(12): CodeIgniter\BaseModel->findAll()
 5 APPPATH/Controllers/News.php(14): App\Models\NewsModel->getNews()
 6 SYSTEMPATH/CodeIgniter.php(907): App\Controllers\News->index()
 7 SYSTEMPATH/CodeIgniter.php(457): CodeIgniter\CodeIgniter->runController()
 8 SYSTEMPATH/CodeIgniter.php(340): CodeIgniter\CodeIgniter->handleRequest()
 9 FCPATH/index.php(67): CodeIgniter\CodeIgniter->run()
10 SYSTEMPATH/Commands/Server/rewrite.php(43): require_once('FCPATH/index.php')
CRITICAL - 2022-10-29 07:35:09 --> You must set the database table to be used with your query.
in SYSTEMPATH/Database/BaseConnection.php on line 872.
 1 SYSTEMPATH/Model.php(587): CodeIgniter\Database\BaseConnection->table()
 2 SYSTEMPATH/Model.php(216): CodeIgniter\Model->builder()
 3 SYSTEMPATH/BaseModel.php(584): CodeIgniter\Model->doFindAll()
 4 APPPATH/Models/NewsModel.php(12): CodeIgniter\BaseModel->findAll()
 5 APPPATH/Controllers/News.php(14): App\Models\NewsModel->getNews()
 6 SYSTEMPATH/CodeIgniter.php(907): App\Controllers\News->index()
 7 SYSTEMPATH/CodeIgniter.php(457): CodeIgniter\CodeIgniter->runController()
 8 SYSTEMPATH/CodeIgniter.php(340): CodeIgniter\CodeIgniter->handleRequest()
 9 FCPATH/index.php(67): CodeIgniter\CodeIgniter->run()
10 SYSTEMPATH/Commands/Server/rewrite.php(43): require_once('FCPATH/index.php')
CRITICAL - 2022-10-29 07:35:53 --> You must set the database table to be used with your query.
in SYSTEMPATH/Database/BaseConnection.php on line 872.
 1 SYSTEMPATH/Model.php(587): CodeIgniter\Database\BaseConnection->table()
 2 SYSTEMPATH/Model.php(216): CodeIgniter\Model->builder()
 3 SYSTEMPATH/BaseModel.php(584): CodeIgniter\Model->doFindAll()
 4 APPPATH/Models/NewsModel.php(12): CodeIgniter\BaseModel->findAll()
 5 APPPATH/Controllers/News.php(14): App\Models\NewsModel->getNews()
 6 SYSTEMPATH/CodeIgniter.php(907): App\Controllers\News->index()
 7 SYSTEMPATH/CodeIgniter.php(457): CodeIgniter\CodeIgniter->runController()
 8 SYSTEMPATH/CodeIgniter.php(340): CodeIgniter\CodeIgniter->handleRequest()
 9 FCPATH/index.php(67): CodeIgniter\CodeIgniter->run()
10 SYSTEMPATH/Commands/Server/rewrite.php(43): require_once('FCPATH/index.php')
CRITICAL - 2022-10-29 07:41:12 --> You must set the database table to be used with your query.
in SYSTEMPATH/Database/BaseConnection.php on line 872.
 1 SYSTEMPATH/Model.php(587): CodeIgniter\Database\BaseConnection->table()
 2 SYSTEMPATH/Model.php(216): CodeIgniter\Model->builder()
 3 SYSTEMPATH/BaseModel.php(584): CodeIgniter\Model->doFindAll()
 4 APPPATH/Models/NewsModel.php(12): CodeIgniter\BaseModel->findAll()
 5 APPPATH/Controllers/News.php(14): App\Models\NewsModel->getNews()
 6 SYSTEMPATH/CodeIgniter.php(907): App\Controllers\News->index()
 7 SYSTEMPATH/CodeIgniter.php(457): CodeIgniter\CodeIgniter->runController()
 8 SYSTEMPATH/CodeIgniter.php(340): CodeIgniter\CodeIgniter->handleRequest()
 9 FCPATH/index.php(67): CodeIgniter\CodeIgniter->run()
10 SYSTEMPATH/Commands/Server/rewrite.php(43): require_once('FCPATH/index.php')
CRITICAL - 2022-10-29 07:43:20 --> You must set the database table to be used with your query.
in SYSTEMPATH/Database/BaseConnection.php on line 872.
 1 SYSTEMPATH/Model.php(587): CodeIgniter\Database\BaseConnection->table()
 2 SYSTEMPATH/Model.php(216): CodeIgniter\Model->builder()
 3 SYSTEMPATH/BaseModel.php(584): CodeIgniter\Model->doFindAll()
 4 APPPATH/Models/NewsModel.php(12): CodeIgniter\BaseModel->findAll()
 5 APPPATH/Controllers/News.php(14): App\Models\NewsModel->getNews()
 6 SYSTEMPATH/CodeIgniter.php(907): App\Controllers\News->index()
 7 SYSTEMPATH/CodeIgniter.php(457): CodeIgniter\CodeIgniter->runController()
 8 SYSTEMPATH/CodeIgniter.php(340): CodeIgniter\CodeIgniter->handleRequest()
 9 FCPATH/index.php(67): CodeIgniter\CodeIgniter->run()
10 SYSTEMPATH/Commands/Server/rewrite.php(43): require_once('FCPATH/index.php')
CRITICAL - 2022-10-29 07:43:26 --> You must set the database table to be used with your query.
in SYSTEMPATH/Database/BaseConnection.php on line 872.
 1 SYSTEMPATH/Model.php(587): CodeIgniter\Database\BaseConnection->table()
 2 SYSTEMPATH/Model.php(216): CodeIgniter\Model->builder()
 3 SYSTEMPATH/BaseModel.php(584): CodeIgniter\Model->doFindAll()
 4 APPPATH/Models/NewsModel.php(12): CodeIgniter\BaseModel->findAll()
 5 APPPATH/Controllers/News.php(14): App\Models\NewsModel->getNews()
 6 SYSTEMPATH/CodeIgniter.php(907): App\Controllers\News->index()
 7 SYSTEMPATH/CodeIgniter.php(457): CodeIgniter\CodeIgniter->runController()
 8 SYSTEMPATH/CodeIgniter.php(340): CodeIgniter\CodeIgniter->handleRequest()
 9 FCPATH/index.php(67): CodeIgniter\CodeIgniter->run()
10 SYSTEMPATH/Commands/Server/rewrite.php(43): require_once('FCPATH/index.php')
CRITICAL - 2022-10-29 07:57:32 --> You must set the database table to be used with your query.
in SYSTEMPATH/Database/BaseConnection.php on line 872.
 1 SYSTEMPATH/Model.php(587): CodeIgniter\Database\BaseConnection->table()
 2 SYSTEMPATH/Model.php(216): CodeIgniter\Model->builder()
 3 SYSTEMPATH/BaseModel.php(584): CodeIgniter\Model->doFindAll()
 4 APPPATH/Models/NewsModel.php(12): CodeIgniter\BaseModel->findAll()
 5 APPPATH/Controllers/News.php(14): App\Models\NewsModel->getNews()
 6 SYSTEMPATH/CodeIgniter.php(907): App\Controllers\News->index()
 7 SYSTEMPATH/CodeIgniter.php(457): CodeIgniter\CodeIgniter->runController()
 8 SYSTEMPATH/CodeIgniter.php(340): CodeIgniter\CodeIgniter->handleRequest()
 9 FCPATH/index.php(67): CodeIgniter\CodeIgniter->run()
10 SYSTEMPATH/Commands/Server/rewrite.php(43): require_once('FCPATH/index.php')
CRITICAL - 2022-10-29 07:57:59 --> You must set the database table to be used with your query.
in SYSTEMPATH/Database/BaseConnection.php on line 872.
 1 SYSTEMPATH/Model.php(587): CodeIgniter\Database\BaseConnection->table()
 2 SYSTEMPATH/Model.php(216): CodeIgniter\Model->builder()
 3 SYSTEMPATH/BaseModel.php(584): CodeIgniter\Model->doFindAll()
 4 APPPATH/Models/NewsModel.php(12): CodeIgniter\BaseModel->findAll()
 5 APPPATH/Controllers/News.php(14): App\Models\NewsModel->getNews()
 6 SYSTEMPATH/CodeIgniter.php(907): App\Controllers\News->index()
 7 SYSTEMPATH/CodeIgniter.php(457): CodeIgniter\CodeIgniter->runController()
 8 SYSTEMPATH/CodeIgniter.php(340): CodeIgniter\CodeIgniter->handleRequest()
 9 FCPATH/index.php(67): CodeIgniter\CodeIgniter->run()
10 SYSTEMPATH/Commands/Server/rewrite.php(43): require_once('FCPATH/index.php')
CRITICAL - 2022-10-29 08:08:23 --> You must set the database table to be used with your query.
in SYSTEMPATH/Database/BaseConnection.php on line 872.
 1 SYSTEMPATH/Model.php(587): CodeIgniter\Database\BaseConnection->table()
 2 SYSTEMPATH/Model.php(216): CodeIgniter\Model->builder()
 3 SYSTEMPATH/BaseModel.php(584): CodeIgniter\Model->doFindAll()
 4 APPPATH/Models/NewsModel.php(12): CodeIgniter\BaseModel->findAll()
 5 APPPATH/Controllers/News.php(14): App\Models\NewsModel->getNews()
 6 SYSTEMPATH/CodeIgniter.php(907): App\Controllers\News->index()
 7 SYSTEMPATH/CodeIgniter.php(457): CodeIgniter\CodeIgniter->runController()
 8 SYSTEMPATH/CodeIgniter.php(340): CodeIgniter\CodeIgniter->handleRequest()
 9 FCPATH/index.php(67): CodeIgniter\CodeIgniter->run()
10 SYSTEMPATH/Commands/Server/rewrite.php(43): require_once('FCPATH/index.php')
CRITICAL - 2022-10-29 08:08:25 --> You must set the database table to be used with your query.
in SYSTEMPATH/Database/BaseConnection.php on line 872.
 1 SYSTEMPATH/Model.php(587): CodeIgniter\Database\BaseConnection->table()
 2 SYSTEMPATH/Model.php(216): CodeIgniter\Model->builder()
 3 SYSTEMPATH/BaseModel.php(584): CodeIgniter\Model->doFindAll()
 4 APPPATH/Models/NewsModel.php(12): CodeIgniter\BaseModel->findAll()
 5 APPPATH/Controllers/News.php(14): App\Models\NewsModel->getNews()
 6 SYSTEMPATH/CodeIgniter.php(907): App\Controllers\News->index()
 7 SYSTEMPATH/CodeIgniter.php(457): CodeIgniter\CodeIgniter->runController()
 8 SYSTEMPATH/CodeIgniter.php(340): CodeIgniter\CodeIgniter->handleRequest()
 9 FCPATH/index.php(67): CodeIgniter\CodeIgniter->run()
10 SYSTEMPATH/Commands/Server/rewrite.php(43): require_once('FCPATH/index.php')
CRITICAL - 2022-10-29 08:08:26 --> You must set the database table to be used with your query.
in SYSTEMPATH/Database/BaseConnection.php on line 872.
 1 SYSTEMPATH/Model.php(587): CodeIgniter\Database\BaseConnection->table()
 2 SYSTEMPATH/Model.php(216): CodeIgniter\Model->builder()
 3 SYSTEMPATH/BaseModel.php(584): CodeIgniter\Model->doFindAll()
 4 APPPATH/Models/NewsModel.php(12): CodeIgniter\BaseModel->findAll()
 5 APPPATH/Controllers/News.php(14): App\Models\NewsModel->getNews()
 6 SYSTEMPATH/CodeIgniter.php(907): App\Controllers\News->index()
 7 SYSTEMPATH/CodeIgniter.php(457): CodeIgniter\CodeIgniter->runController()
 8 SYSTEMPATH/CodeIgniter.php(340): CodeIgniter\CodeIgniter->handleRequest()
 9 FCPATH/index.php(67): CodeIgniter\CodeIgniter->run()
10 SYSTEMPATH/Commands/Server/rewrite.php(43): require_once('FCPATH/index.php')
CRITICAL - 2022-10-29 08:08:27 --> You must set the database table to be used with your query.
in SYSTEMPATH/Database/BaseConnection.php on line 872.
 1 SYSTEMPATH/Model.php(587): CodeIgniter\Database\BaseConnection->table()
 2 SYSTEMPATH/Model.php(216): CodeIgniter\Model->builder()
 3 SYSTEMPATH/BaseModel.php(584): CodeIgniter\Model->doFindAll()
 4 APPPATH/Models/NewsModel.php(12): CodeIgniter\BaseModel->findAll()
 5 APPPATH/Controllers/News.php(14): App\Models\NewsModel->getNews()
 6 SYSTEMPATH/CodeIgniter.php(907): App\Controllers\News->index()
 7 SYSTEMPATH/CodeIgniter.php(457): CodeIgniter\CodeIgniter->runController()
 8 SYSTEMPATH/CodeIgniter.php(340): CodeIgniter\CodeIgniter->handleRequest()
 9 FCPATH/index.php(67): CodeIgniter\CodeIgniter->run()
10 SYSTEMPATH/Commands/Server/rewrite.php(43): require_once('FCPATH/index.php')
CRITICAL - 2022-10-29 08:08:31 --> You must set the database table to be used with your query.
in SYSTEMPATH/Database/BaseConnection.php on line 872.
 1 SYSTEMPATH/Model.php(587): CodeIgniter\Database\BaseConnection->table()
 2 SYSTEMPATH/Model.php(216): CodeIgniter\Model->builder()
 3 SYSTEMPATH/BaseModel.php(584): CodeIgniter\Model->doFindAll()
 4 APPPATH/Models/NewsModel.php(12): CodeIgniter\BaseModel->findAll()
 5 APPPATH/Controllers/News.php(14): App\Models\NewsModel->getNews()
 6 SYSTEMPATH/CodeIgniter.php(907): App\Controllers\News->index()
 7 SYSTEMPATH/CodeIgniter.php(457): CodeIgniter\CodeIgniter->runController()
 8 SYSTEMPATH/CodeIgniter.php(340): CodeIgniter\CodeIgniter->handleRequest()
 9 FCPATH/index.php(67): CodeIgniter\CodeIgniter->run()
10 SYSTEMPATH/Commands/Server/rewrite.php(43): require_once('FCPATH/index.php')
CRITICAL - 2022-10-29 08:08:54 --> You must set the database table to be used with your query.
in SYSTEMPATH/Database/BaseConnection.php on line 872.
 1 SYSTEMPATH/Model.php(587): CodeIgniter\Database\BaseConnection->table()
 2 SYSTEMPATH/Model.php(216): CodeIgniter\Model->builder()
 3 SYSTEMPATH/BaseModel.php(584): CodeIgniter\Model->doFindAll()
 4 APPPATH/Models/NewsModel.php(12): CodeIgniter\BaseModel->findAll()
 5 APPPATH/Controllers/News.php(14): App\Models\NewsModel->getNews()
 6 SYSTEMPATH/CodeIgniter.php(907): App\Controllers\News->index()
 7 SYSTEMPATH/CodeIgniter.php(457): CodeIgniter\CodeIgniter->runController()
 8 SYSTEMPATH/CodeIgniter.php(340): CodeIgniter\CodeIgniter->handleRequest()
 9 FCPATH/index.php(67): CodeIgniter\CodeIgniter->run()
10 SYSTEMPATH/Commands/Server/rewrite.php(43): require_once('FCPATH/index.php')
CRITICAL - 2022-10-29 08:32:11 --> You must set the database table to be used with your query.
in SYSTEMPATH/Database/BaseConnection.php on line 872.
 1 SYSTEMPATH/Model.php(587): CodeIgniter\Database\BaseConnection->table()
 2 SYSTEMPATH/Model.php(216): CodeIgniter\Model->builder()
 3 SYSTEMPATH/BaseModel.php(584): CodeIgniter\Model->doFindAll()
 4 APPPATH/Models/NewsModel.php(12): CodeIgniter\BaseModel->findAll()
 5 APPPATH/Controllers/News.php(14): App\Models\NewsModel->getNews()
 6 SYSTEMPATH/CodeIgniter.php(907): App\Controllers\News->index()
 7 SYSTEMPATH/CodeIgniter.php(457): CodeIgniter\CodeIgniter->runController()
 8 SYSTEMPATH/CodeIgniter.php(340): CodeIgniter\CodeIgniter->handleRequest()
 9 FCPATH/index.php(67): CodeIgniter\CodeIgniter->run()
10 SYSTEMPATH/Commands/Server/rewrite.php(43): require_once('FCPATH/index.php')
CRITICAL - 2022-10-29 08:41:57 --> You must set the database table to be used with your query.
in SYSTEMPATH/Database/BaseConnection.php on line 872.
 1 SYSTEMPATH/Model.php(587): CodeIgniter\Database\BaseConnection->table()
 2 SYSTEMPATH/Model.php(216): CodeIgniter\Model->builder()
 3 SYSTEMPATH/BaseModel.php(584): CodeIgniter\Model->doFindAll()
 4 APPPATH/Models/NewsModel.php(12): CodeIgniter\BaseModel->findAll()
 5 APPPATH/Controllers/News.php(14): App\Models\NewsModel->getNews()
 6 SYSTEMPATH/CodeIgniter.php(907): App\Controllers\News->index()
 7 SYSTEMPATH/CodeIgniter.php(457): CodeIgniter\CodeIgniter->runController()
 8 SYSTEMPATH/CodeIgniter.php(340): CodeIgniter\CodeIgniter->handleRequest()
 9 FCPATH/index.php(67): CodeIgniter\CodeIgniter->run()
10 SYSTEMPATH/Commands/Server/rewrite.php(43): require_once('FCPATH/index.php')
CRITICAL - 2022-10-29 08:43:02 --> You must set the database table to be used with your query.
in SYSTEMPATH/Database/BaseConnection.php on line 872.
 1 SYSTEMPATH/Model.php(587): CodeIgniter\Database\BaseConnection->table()
 2 SYSTEMPATH/Model.php(216): CodeIgniter\Model->builder()
 3 SYSTEMPATH/BaseModel.php(584): CodeIgniter\Model->doFindAll()
 4 APPPATH/Models/NewsModel.php(12): CodeIgniter\BaseModel->findAll()
 5 APPPATH/Controllers/News.php(14): App\Models\NewsModel->getNews()
 6 SYSTEMPATH/CodeIgniter.php(907): App\Controllers\News->index()
 7 SYSTEMPATH/CodeIgniter.php(457): CodeIgniter\CodeIgniter->runController()
 8 SYSTEMPATH/CodeIgniter.php(340): CodeIgniter\CodeIgniter->handleRequest()
 9 FCPATH/index.php(67): CodeIgniter\CodeIgniter->run()
10 SYSTEMPATH/Commands/Server/rewrite.php(43): require_once('FCPATH/index.php')
CRITICAL - 2022-10-29 08:43:04 --> You must set the database table to be used with your query.
in SYSTEMPATH/Database/BaseConnection.php on line 872.
 1 SYSTEMPATH/Model.php(587): CodeIgniter\Database\BaseConnection->table()
 2 SYSTEMPATH/Model.php(216): CodeIgniter\Model->builder()
 3 SYSTEMPATH/BaseModel.php(584): CodeIgniter\Model->doFindAll()
 4 APPPATH/Models/NewsModel.php(12): CodeIgniter\BaseModel->findAll()
 5 APPPATH/Controllers/News.php(14): App\Models\NewsModel->getNews()
 6 SYSTEMPATH/CodeIgniter.php(907): App\Controllers\News->index()
 7 SYSTEMPATH/CodeIgniter.php(457): CodeIgniter\CodeIgniter->runController()
 8 SYSTEMPATH/CodeIgniter.php(340): CodeIgniter\CodeIgniter->handleRequest()
 9 FCPATH/index.php(67): CodeIgniter\CodeIgniter->run()
10 SYSTEMPATH/Commands/Server/rewrite.php(43): require_once('FCPATH/index.php')
CRITICAL - 2022-10-29 08:43:54 --> You must set the database table to be used with your query.
in SYSTEMPATH/Database/BaseConnection.php on line 872.
 1 SYSTEMPATH/Model.php(587): CodeIgniter\Database\BaseConnection->table()
 2 SYSTEMPATH/Model.php(216): CodeIgniter\Model->builder()
 3 SYSTEMPATH/BaseModel.php(584): CodeIgniter\Model->doFindAll()
 4 APPPATH/Models/NewsModel.php(12): CodeIgniter\BaseModel->findAll()
 5 APPPATH/Controllers/News.php(14): App\Models\NewsModel->getNews()
 6 SYSTEMPATH/CodeIgniter.php(907): App\Controllers\News->index()
 7 SYSTEMPATH/CodeIgniter.php(457): CodeIgniter\CodeIgniter->runController()
 8 SYSTEMPATH/CodeIgniter.php(340): CodeIgniter\CodeIgniter->handleRequest()
 9 FCPATH/index.php(67): CodeIgniter\CodeIgniter->run()
10 SYSTEMPATH/Commands/Server/rewrite.php(43): require_once('FCPATH/index.php')
CRITICAL - 2022-10-29 08:43:55 --> You must set the database table to be used with your query.
in SYSTEMPATH/Database/BaseConnection.php on line 872.
 1 SYSTEMPATH/Model.php(587): CodeIgniter\Database\BaseConnection->table()
 2 SYSTEMPATH/Model.php(216): CodeIgniter\Model->builder()
 3 SYSTEMPATH/BaseModel.php(584): CodeIgniter\Model->doFindAll()
 4 APPPATH/Models/NewsModel.php(12): CodeIgniter\BaseModel->findAll()
 5 APPPATH/Controllers/News.php(14): App\Models\NewsModel->getNews()
 6 SYSTEMPATH/CodeIgniter.php(907): App\Controllers\News->index()
 7 SYSTEMPATH/CodeIgniter.php(457): CodeIgniter\CodeIgniter->runController()
 8 SYSTEMPATH/CodeIgniter.php(340): CodeIgniter\CodeIgniter->handleRequest()
 9 FCPATH/index.php(67): CodeIgniter\CodeIgniter->run()
10 SYSTEMPATH/Commands/Server/rewrite.php(43): require_once('FCPATH/index.php')
CRITICAL - 2022-10-29 08:45:05 --> You must set the database table to be used with your query.
in SYSTEMPATH/Database/BaseConnection.php on line 872.
 1 SYSTEMPATH/Model.php(587): CodeIgniter\Database\BaseConnection->table()
 2 SYSTEMPATH/Model.php(216): CodeIgniter\Model->builder()
 3 SYSTEMPATH/BaseModel.php(584): CodeIgniter\Model->doFindAll()
 4 APPPATH/Models/NewsModel.php(12): CodeIgniter\BaseModel->findAll()
 5 APPPATH/Controllers/News.php(14): App\Models\NewsModel->getNews()
 6 SYSTEMPATH/CodeIgniter.php(907): App\Controllers\News->index()
 7 SYSTEMPATH/CodeIgniter.php(457): CodeIgniter\CodeIgniter->runController()
 8 SYSTEMPATH/CodeIgniter.php(340): CodeIgniter\CodeIgniter->handleRequest()
 9 FCPATH/index.php(67): CodeIgniter\CodeIgniter->run()
10 SYSTEMPATH/Commands/Server/rewrite.php(43): require_once('FCPATH/index.php')
CRITICAL - 2022-10-29 08:46:51 --> You must set the database table to be used with your query.
in SYSTEMPATH/Database/BaseConnection.php on line 872.
 1 SYSTEMPATH/Model.php(587): CodeIgniter\Database\BaseConnection->table()
 2 SYSTEMPATH/Model.php(216): CodeIgniter\Model->builder()
 3 SYSTEMPATH/BaseModel.php(584): CodeIgniter\Model->doFindAll()
 4 APPPATH/Models/NewsModel.php(12): CodeIgniter\BaseModel->findAll()
 5 APPPATH/Controllers/News.php(14): App\Models\NewsModel->getNews()
 6 SYSTEMPATH/CodeIgniter.php(907): App\Controllers\News->index()
 7 SYSTEMPATH/CodeIgniter.php(457): CodeIgniter\CodeIgniter->runController()
 8 SYSTEMPATH/CodeIgniter.php(340): CodeIgniter\CodeIgniter->handleRequest()
 9 FCPATH/index.php(67): CodeIgniter\CodeIgniter->run()
10 SYSTEMPATH/Commands/Server/rewrite.php(43): require_once('FCPATH/index.php')
CRITICAL - 2022-10-29 08:46:52 --> You must set the database table to be used with your query.
in SYSTEMPATH/Database/BaseConnection.php on line 872.
 1 SYSTEMPATH/Model.php(587): CodeIgniter\Database\BaseConnection->table()
 2 SYSTEMPATH/Model.php(216): CodeIgniter\Model->builder()
 3 SYSTEMPATH/BaseModel.php(584): CodeIgniter\Model->doFindAll()
 4 APPPATH/Models/NewsModel.php(12): CodeIgniter\BaseModel->findAll()
 5 APPPATH/Controllers/News.php(14): App\Models\NewsModel->getNews()
 6 SYSTEMPATH/CodeIgniter.php(907): App\Controllers\News->index()
 7 SYSTEMPATH/CodeIgniter.php(457): CodeIgniter\CodeIgniter->runController()
 8 SYSTEMPATH/CodeIgniter.php(340): CodeIgniter\CodeIgniter->handleRequest()
 9 FCPATH/index.php(67): CodeIgniter\CodeIgniter->run()
10 SYSTEMPATH/Commands/Server/rewrite.php(43): require_once('FCPATH/index.php')
