CRITICAL - 2022-10-28 14:29:04 --> syntax error, unexpected 'public' (T_PUBLIC), expecting end of file
in APPPATH/Controllers/News.php on line 24.
 1 SYSTEMPATH/Autoloader/Autoloader.php(259): CodeIgniter\Autoloader\Autoloader->includeFile()
 2 SYSTEMPATH/Autoloader/Autoloader.php(237): CodeIgniter\Autoloader\Autoloader->loadInNamespace()
 3 [internal function]: CodeIgniter\Autoloader\Autoloader->loadClass()
 4 [internal function]: spl_autoload_call()
 5 SYSTEMPATH/CodeIgniter.php(857): class_exists()
 6 SYSTEMPATH/CodeIgniter.php(444): CodeIgniter\CodeIgniter->startController()
 7 SYSTEMPATH/CodeIgniter.php(340): CodeIgniter\CodeIgniter->handleRequest()
 8 FCPATH/index.php(67): CodeIgniter\CodeIgniter->run()
 9 SYSTEMPATH/Commands/Server/rewrite.php(43): require_once('FCPATH/index.php')
CRITICAL - 2022-10-28 14:31:05 --> syntax error, unexpected 'public' (T_PUBLIC), expecting end of file
in APPPATH/Controllers/News.php on line 24.
 1 SYSTEMPATH/Autoloader/Autoloader.php(259): CodeIgniter\Autoloader\Autoloader->includeFile()
 2 SYSTEMPATH/Autoloader/Autoloader.php(237): CodeIgniter\Autoloader\Autoloader->loadInNamespace()
 3 [internal function]: CodeIgniter\Autoloader\Autoloader->loadClass()
 4 [internal function]: spl_autoload_call()
 5 SYSTEMPATH/CodeIgniter.php(857): class_exists()
 6 SYSTEMPATH/CodeIgniter.php(444): CodeIgniter\CodeIgniter->startController()
 7 SYSTEMPATH/CodeIgniter.php(340): CodeIgniter\CodeIgniter->handleRequest()
 8 FCPATH/index.php(67): CodeIgniter\CodeIgniter->run()
 9 SYSTEMPATH/Commands/Server/rewrite.php(43): require_once('FCPATH/index.php')
CRITICAL - 2022-10-28 14:31:06 --> syntax error, unexpected 'public' (T_PUBLIC), expecting end of file
in APPPATH/Controllers/News.php on line 24.
 1 SYSTEMPATH/Autoloader/Autoloader.php(259): CodeIgniter\Autoloader\Autoloader->includeFile()
 2 SYSTEMPATH/Autoloader/Autoloader.php(237): CodeIgniter\Autoloader\Autoloader->loadInNamespace()
 3 [internal function]: CodeIgniter\Autoloader\Autoloader->loadClass()
 4 [internal function]: spl_autoload_call()
 5 SYSTEMPATH/CodeIgniter.php(857): class_exists()
 6 SYSTEMPATH/CodeIgniter.php(444): CodeIgniter\CodeIgniter->startController()
 7 SYSTEMPATH/CodeIgniter.php(340): CodeIgniter\CodeIgniter->handleRequest()
 8 FCPATH/index.php(67): CodeIgniter\CodeIgniter->run()
 9 SYSTEMPATH/Commands/Server/rewrite.php(43): require_once('FCPATH/index.php')
CRITICAL - 2022-10-28 14:35:11 --> syntax error, unexpected 'public' (T_PUBLIC), expecting end of file
in APPPATH/Controllers/News.php on line 24.
 1 SYSTEMPATH/Autoloader/Autoloader.php(259): CodeIgniter\Autoloader\Autoloader->includeFile()
 2 SYSTEMPATH/Autoloader/Autoloader.php(237): CodeIgniter\Autoloader\Autoloader->loadInNamespace()
 3 [internal function]: CodeIgniter\Autoloader\Autoloader->loadClass()
 4 [internal function]: spl_autoload_call()
 5 SYSTEMPATH/CodeIgniter.php(857): class_exists()
 6 SYSTEMPATH/CodeIgniter.php(444): CodeIgniter\CodeIgniter->startController()
 7 SYSTEMPATH/CodeIgniter.php(340): CodeIgniter\CodeIgniter->handleRequest()
 8 FCPATH/index.php(67): CodeIgniter\CodeIgniter->run()
 9 SYSTEMPATH/Commands/Server/rewrite.php(43): require_once('FCPATH/index.php')
CRITICAL - 2022-10-28 14:35:13 --> syntax error, unexpected 'public' (T_PUBLIC), expecting end of file
in APPPATH/Controllers/News.php on line 24.
 1 SYSTEMPATH/Autoloader/Autoloader.php(259): CodeIgniter\Autoloader\Autoloader->includeFile()
 2 SYSTEMPATH/Autoloader/Autoloader.php(237): CodeIgniter\Autoloader\Autoloader->loadInNamespace()
 3 [internal function]: CodeIgniter\Autoloader\Autoloader->loadClass()
 4 [internal function]: spl_autoload_call()
 5 SYSTEMPATH/CodeIgniter.php(857): class_exists()
 6 SYSTEMPATH/CodeIgniter.php(444): CodeIgniter\CodeIgniter->startController()
 7 SYSTEMPATH/CodeIgniter.php(340): CodeIgniter\CodeIgniter->handleRequest()
 8 FCPATH/index.php(67): CodeIgniter\CodeIgniter->run()
 9 SYSTEMPATH/Commands/Server/rewrite.php(43): require_once('FCPATH/index.php')
CRITICAL - 2022-10-28 14:40:37 --> You must set the database table to be used with your query.
in SYSTEMPATH/Database/BaseConnection.php on line 872.
 1 SYSTEMPATH/Model.php(587): CodeIgniter\Database\BaseConnection->table()
 2 SYSTEMPATH/Model.php(216): CodeIgniter\Model->builder()
 3 SYSTEMPATH/BaseModel.php(584): CodeIgniter\Model->doFindAll()
 4 APPPATH/Models/NewsModel.php(12): CodeIgniter\BaseModel->findAll()
 5 APPPATH/Controllers/News.php(14): App\Models\NewsModel->getNews()
 6 SYSTEMPATH/CodeIgniter.php(907): App\Controllers\News->index()
 7 SYSTEMPATH/CodeIgniter.php(457): CodeIgniter\CodeIgniter->runController()
 8 SYSTEMPATH/CodeIgniter.php(340): CodeIgniter\CodeIgniter->handleRequest()
 9 FCPATH/index.php(67): CodeIgniter\CodeIgniter->run()
10 SYSTEMPATH/Commands/Server/rewrite.php(43): require_once('FCPATH/index.php')
CRITICAL - 2022-10-28 14:45:46 --> You must set the database table to be used with your query.
in SYSTEMPATH/Database/BaseConnection.php on line 872.
 1 SYSTEMPATH/Model.php(587): CodeIgniter\Database\BaseConnection->table()
 2 SYSTEMPATH/Model.php(216): CodeIgniter\Model->builder()
 3 SYSTEMPATH/BaseModel.php(584): CodeIgniter\Model->doFindAll()
 4 APPPATH/Models/NewsModel.php(12): CodeIgniter\BaseModel->findAll()
 5 APPPATH/Controllers/News.php(14): App\Models\NewsModel->getNews()
 6 SYSTEMPATH/CodeIgniter.php(907): App\Controllers\News->index()
 7 SYSTEMPATH/CodeIgniter.php(457): CodeIgniter\CodeIgniter->runController()
 8 SYSTEMPATH/CodeIgniter.php(340): CodeIgniter\CodeIgniter->handleRequest()
 9 FCPATH/index.php(67): CodeIgniter\CodeIgniter->run()
10 SYSTEMPATH/Commands/Server/rewrite.php(43): require_once('FCPATH/index.php')
CRITICAL - 2022-10-28 14:45:48 --> You must set the database table to be used with your query.
in SYSTEMPATH/Database/BaseConnection.php on line 872.
 1 SYSTEMPATH/Model.php(587): CodeIgniter\Database\BaseConnection->table()
 2 SYSTEMPATH/Model.php(216): CodeIgniter\Model->builder()
 3 SYSTEMPATH/BaseModel.php(584): CodeIgniter\Model->doFindAll()
 4 APPPATH/Models/NewsModel.php(12): CodeIgniter\BaseModel->findAll()
 5 APPPATH/Controllers/News.php(14): App\Models\NewsModel->getNews()
 6 SYSTEMPATH/CodeIgniter.php(907): App\Controllers\News->index()
 7 SYSTEMPATH/CodeIgniter.php(457): CodeIgniter\CodeIgniter->runController()
 8 SYSTEMPATH/CodeIgniter.php(340): CodeIgniter\CodeIgniter->handleRequest()
 9 FCPATH/index.php(67): CodeIgniter\CodeIgniter->run()
10 SYSTEMPATH/Commands/Server/rewrite.php(43): require_once('FCPATH/index.php')
CRITICAL - 2022-10-28 14:49:56 --> Undefined variable: news
in SYSTEMPATH/Model.php on line 587.
 1 SYSTEMPATH/Model.php(587): CodeIgniter\Debug\Exceptions->errorHandler()
 2 SYSTEMPATH/Model.php(216): CodeIgniter\Model->builder()
 3 SYSTEMPATH/BaseModel.php(584): CodeIgniter\Model->doFindAll()
 4 APPPATH/Models/NewsModel.php(12): CodeIgniter\BaseModel->findAll()
 5 APPPATH/Controllers/News.php(14): App\Models\NewsModel->getNews()
 6 SYSTEMPATH/CodeIgniter.php(907): App\Controllers\News->index()
 7 SYSTEMPATH/CodeIgniter.php(457): CodeIgniter\CodeIgniter->runController()
 8 SYSTEMPATH/CodeIgniter.php(340): CodeIgniter\CodeIgniter->handleRequest()
 9 FCPATH/index.php(67): CodeIgniter\CodeIgniter->run()
10 SYSTEMPATH/Commands/Server/rewrite.php(43): require_once('FCPATH/index.php')
CRITICAL - 2022-10-28 14:54:24 --> Undefined variable: news
in SYSTEMPATH/Model.php on line 587.
 1 SYSTEMPATH/Model.php(587): CodeIgniter\Debug\Exceptions->errorHandler()
 2 SYSTEMPATH/Model.php(216): CodeIgniter\Model->builder()
 3 SYSTEMPATH/BaseModel.php(584): CodeIgniter\Model->doFindAll()
 4 APPPATH/Models/NewsModel.php(12): CodeIgniter\BaseModel->findAll()
 5 APPPATH/Controllers/News.php(14): App\Models\NewsModel->getNews()
 6 SYSTEMPATH/CodeIgniter.php(907): App\Controllers\News->index()
 7 SYSTEMPATH/CodeIgniter.php(457): CodeIgniter\CodeIgniter->runController()
 8 SYSTEMPATH/CodeIgniter.php(340): CodeIgniter\CodeIgniter->handleRequest()
 9 FCPATH/index.php(67): CodeIgniter\CodeIgniter->run()
10 SYSTEMPATH/Commands/Server/rewrite.php(43): require_once('FCPATH/index.php')
CRITICAL - 2022-10-28 14:55:15 --> Undefined variable: news
in SYSTEMPATH/Model.php on line 587.
 1 SYSTEMPATH/Model.php(587): CodeIgniter\Debug\Exceptions->errorHandler()
 2 SYSTEMPATH/Model.php(216): CodeIgniter\Model->builder()
 3 SYSTEMPATH/BaseModel.php(584): CodeIgniter\Model->doFindAll()
 4 APPPATH/Models/NewsModel.php(12): CodeIgniter\BaseModel->findAll()
 5 APPPATH/Controllers/News.php(14): App\Models\NewsModel->getNews()
 6 SYSTEMPATH/CodeIgniter.php(907): App\Controllers\News->index()
 7 SYSTEMPATH/CodeIgniter.php(457): CodeIgniter\CodeIgniter->runController()
 8 SYSTEMPATH/CodeIgniter.php(340): CodeIgniter\CodeIgniter->handleRequest()
 9 FCPATH/index.php(67): CodeIgniter\CodeIgniter->run()
10 SYSTEMPATH/Commands/Server/rewrite.php(43): require_once('FCPATH/index.php')
CRITICAL - 2022-10-28 14:55:19 --> Undefined variable: news
in SYSTEMPATH/Model.php on line 587.
 1 SYSTEMPATH/Model.php(587): CodeIgniter\Debug\Exceptions->errorHandler()
 2 SYSTEMPATH/Model.php(216): CodeIgniter\Model->builder()
 3 SYSTEMPATH/BaseModel.php(584): CodeIgniter\Model->doFindAll()
 4 APPPATH/Models/NewsModel.php(12): CodeIgniter\BaseModel->findAll()
 5 APPPATH/Controllers/News.php(14): App\Models\NewsModel->getNews()
 6 SYSTEMPATH/CodeIgniter.php(907): App\Controllers\News->index()
 7 SYSTEMPATH/CodeIgniter.php(457): CodeIgniter\CodeIgniter->runController()
 8 SYSTEMPATH/CodeIgniter.php(340): CodeIgniter\CodeIgniter->handleRequest()
 9 FCPATH/index.php(67): CodeIgniter\CodeIgniter->run()
10 SYSTEMPATH/Commands/Server/rewrite.php(43): require_once('FCPATH/index.php')
CRITICAL - 2022-10-28 14:56:11 --> You must set the database table to be used with your query.
in SYSTEMPATH/Database/BaseConnection.php on line 872.
 1 SYSTEMPATH/Model.php(587): CodeIgniter\Database\BaseConnection->table()
 2 SYSTEMPATH/Model.php(216): CodeIgniter\Model->builder()
 3 SYSTEMPATH/BaseModel.php(584): CodeIgniter\Model->doFindAll()
 4 APPPATH/Models/NewsModel.php(12): CodeIgniter\BaseModel->findAll()
 5 APPPATH/Controllers/News.php(14): App\Models\NewsModel->getNews()
 6 SYSTEMPATH/CodeIgniter.php(907): App\Controllers\News->index()
 7 SYSTEMPATH/CodeIgniter.php(457): CodeIgniter\CodeIgniter->runController()
 8 SYSTEMPATH/CodeIgniter.php(340): CodeIgniter\CodeIgniter->handleRequest()
 9 FCPATH/index.php(67): CodeIgniter\CodeIgniter->run()
10 SYSTEMPATH/Commands/Server/rewrite.php(43): require_once('FCPATH/index.php')
